c:\users\justin\documents\ece hw security\hw2\ece6930_code-injection\serialwrite\serialwrite\debug\main.obj
c:\users\justin\documents\ece hw security\hw2\ece6930_code-injection\serialwrite\serialwrite\debug\serial.obj
c:\users\justin\documents\ece hw security\hw2\ece6930_code-injection\serialwrite\serialwrite\debug\vc110.pdb
c:\users\justin\documents\ece hw security\hw2\ece6930_code-injection\serialwrite\debug\serialwrite.ilk
c:\users\justin\documents\ece hw security\hw2\ece6930_code-injection\serialwrite\debug\serialwrite.exe
c:\users\justin\documents\ece hw security\hw2\ece6930_code-injection\serialwrite\debug\serialwrite.pdb
c:\users\tyler\school\spring 2016\ece6930\project2-codeinjection\serialwrite\serialwrite\debug\vc140.pdb
c:\users\tyler\school\spring 2016\ece6930\project2-codeinjection\serialwrite\serialwrite\debug\main.obj
c:\users\tyler\school\spring 2016\ece6930\project2-codeinjection\serialwrite\serialwrite\debug\serial.obj
c:\users\tyler\school\spring 2016\ece6930\project2-codeinjection\serialwrite\serialwrite\debug\cl.command.1.tlog
c:\users\tyler\school\spring 2016\ece6930\project2-codeinjection\serialwrite\serialwrite\debug\cl.read.1.tlog
c:\users\tyler\school\spring 2016\ece6930\project2-codeinjection\serialwrite\serialwrite\debug\cl.write.1.tlog
c:\users\tyler\school\spring 2016\ece6930\project2-codeinjection\serialwrite\serialwrite\debug\link-cvtres.read.1.tlog
c:\users\tyler\school\spring 2016\ece6930\project2-codeinjection\serialwrite\serialwrite\debug\link-cvtres.write.1.tlog
c:\users\tyler\school\spring 2016\ece6930\project2-codeinjection\serialwrite\serialwrite\debug\link-rc.read.1.tlog
c:\users\tyler\school\spring 2016\ece6930\project2-codeinjection\serialwrite\serialwrite\debug\link-rc.write.1.tlog
c:\users\tyler\school\spring 2016\ece6930\project2-codeinjection\serialwrite\serialwrite\debug\link.command.1.tlog
c:\users\tyler\school\spring 2016\ece6930\project2-codeinjection\serialwrite\serialwrite\debug\link.read.1.tlog
c:\users\tyler\school\spring 2016\ece6930\project2-codeinjection\serialwrite\serialwrite\debug\link.write.1.tlog
c:\users\tyler\school\spring 2016\ece6930\project2-codeinjection\serialwrite\serialwrite\debug\vc110.idb
c:\users\tyler\school\spring 2016\ece6930\project2-codeinjection\serialwrite\serialwrite\debug\vc140.idb
c:\users\tyler\school\spring 2016\ece6930\project2-codeinjection\serialwrite\serialwrite\debug\vc110.pdb
c:\users\tyler\school\spring 2016\ece6930\project2-codeinjection\serialwrite\debug\serialwrite.pdb
c:\users\tyler\school\spring 2016\ece6930\project2-codeinjection\serialwrite\debug\serialwrite.exe
c:\users\tyler\school\spring 2016\ece6930\project2-codeinjection\serialwrite\debug\serialwrite.ilk
c:\users\tyler\school\spring 2016\ece6930\project2-codeinjection\serialwrite\serialwrite\debug\serialwrite.tlog\cl.command.1.tlog
c:\users\tyler\school\spring 2016\ece6930\project2-codeinjection\serialwrite\serialwrite\debug\serialwrite.tlog\cl.write.1.tlog
